<?xml version="1.0" encoding="UTF-8"?>
<!-- Generated by org.testng.reporters.JUnitReportReporter -->
<testsuite hostname="KhandakerElahi" failures="0" tests="1" name="testcases.AccountRegistration" time="2.540" errors="0" timestamp="2025-04-21T21:21:01 EDT" skipped="0">
  <testcase classname="testcases.AccountRegistration" name="verifyAccount" time="2.540"/>
</testsuite> <!-- testcases.AccountRegistration -->
