<?xml version="1.0" encoding="UTF-8"?>
<!-- Generated by org.testng.reporters.JUnitReportReporter -->
<testsuite hostname="KhandakerElahi" failures="0" tests="1" name="testcases.AccountRegistration" time="2.328" errors="0" timestamp="2025-04-21T22:08:49 EDT" skipped="0">
  <testcase classname="testcases.AccountRegistration" name="verifyAccount" time="2.328"/>
</testsuite> <!-- testcases.AccountRegistration -->
