<?xml version="1.0" encoding="UTF-8"?>
<!-- Generated by org.testng.reporters.JUnitReportReporter -->
<testsuite hostname="KhandakerElahi" failures="0" tests="1" name="testcases.LoginTest" time="2.045" errors="0" timestamp="2025-04-21T22:08:49 EDT" skipped="0">
  <testcase classname="testcases.LoginTest" name="login" time="2.045"/>
</testsuite> <!-- testcases.LoginTest -->
